#
# A fatal error has been detected by the Java Runtime Environment:
#
#  SIGSEGV (0xb) at pc=0x00007ff45a1b9979, pid=10327, tid=140687292581632
#
# JRE version: Java(TM) SE Runtime Environment (7.0_51-b13) (build 1.7.0_51-b13)
# Java VM: Java HotSpot(TM) 64-Bit Server VM (24.51-b03 mixed mode linux-amd64 compressed oops)
# Problematic frame:
# V  [libjvm.so+0x5fb979]  java_lang_String::utf8_length(oopDesc*)+0xd9
#
# Failed to write core dump. Core dumps have been disabled. To enable core dumping, try "ulimit -c unlimited" before starting Java again
#
# If you would like to submit a bug report, please visit:
#   http://bugreport.sun.com/bugreport/crash.jsp
#

---------------  T H R E A D  ---------------

Current thread (0x00007ff454097000):  JavaThread "JDWP Transport Listener: dt_socket" daemon [_thread_in_vm, id=10342, stack(0x00007ff450094000,0x00007ff450195000)]

siginfo:si_signo=SIGSEGV: si_errno=0, si_code=1 (SEGV_MAPERR), si_addr=0x000000000000000c

Registers:
RAX=0x000000000000000c, RBX=0x00007ff45408e770, RCX=0x0000000000000000, RDX=0x0000000000000000
RSP=0x00007ff4501938e0, RBP=0x00007ff4501938f0, RSI=0x000000000000000c, RDI=0x00000000ad648f78
R8 =0x0000000000000000, R9 =0x0000000000000001, R10=0x0000000000000000, R11=0x00007ff45a202ef0
R12=0x0000000000000000, R13=0x00007ff454097000, R14=0x00007ff4501939e0, R15=0x0000000000000000
RIP=0x00007ff45a1b9979, EFLAGS=0x0000000000010246, CSGSFS=0x0000000000000033, ERR=0x0000000000000004
  TRAPNO=0x000000000000000e

Top of Stack: (sp=0x00007ff4501938e0)
0x00007ff4501938e0:   00007ff45408e770 00000000ad648f78
0x00007ff4501938f0:   00007ff450193960 00007ff45a20c00b
0x00007ff450193900:   00007ff454097000 0000000000000000
0x00007ff450193910:   00007ff450193960 00007ff45906cf12
0x00007ff450193920:   00007ff454097000 000000000000000a
0x00007ff450193930:   00007ff450193960 00007ff450193b70
0x00007ff450193940:   00007ff4540971e8 00007ff45408e770
0x00007ff450193950:   00007ff4501939e0 00007ff459280120
0x00007ff450193960:   00007ff4501939a0 00007ff45904f322
0x00007ff450193970:   000000000000072e 000000000000000a
0x00007ff450193980:   0000000000000001 000000000000000a
0x00007ff450193990:   0000000000010a00 0000000000000001
0x00007ff4501939a0:   00007ff450193bf0 00007ff4590578e6
0x00007ff4501939b0:   0000072e00000013 00007ff45a010a00
0x00007ff4501939c0:   00007ff42c000b90 00007ff454097000
0x00007ff4501939d0:   00007ff4501939e0 00007ff450193b70
0x00007ff4501939e0:   00007ff450193a30 00007ff40000012c
0x00007ff4501939f0:   00007ff4501939f8 0000000000000000
0x00007ff450193a00:   00007ff450193a30 0000000000000000
0x00007ff450193a10:   0000000000000000 0000072e0000000f
0x00007ff450193a20:   00007ff400003a80 00007ff450193a30
0x00007ff450193a30:   6e69616d31000000 0800000000000000
0x00007ff450193a40:   0000000002000000 2c02000000000000
0x00007ff450193a50:   0800000000000000 000001012d020000
0x00007ff450193a60:   00002e0000000000 000010b01554f47f
0x00007ff450193a70:   0000080000000000 0001020018000000
0x00007ff450193a80:   002e000000000000 0018b01554f47f00
0x00007ff450193a90:   0006000000000000 0103001800000000
0x00007ff450193aa0:   2e00000000000000 00b01554f47f0000
0x00007ff450193ab0:   1300000000000000 0400180000000000
0x00007ff450193ac0:   0000000000000001 eb0854f47f000010
0x00007ff450193ad0:   0000000000000038 0018000000000038 

Instructions: (pc=0x00007ff45a1b9979)
0x00007ff45a1b9959:   08 48 d3 e2 48 03 10 b8 0c 00 00 00 eb 12 66 0f
0x00007ff45a1b9969:   1f 84 00 00 00 00 00 48 8b 14 37 b8 10 00 00 00
0x00007ff45a1b9979:   8b 1c 02 e9 6b ff ff ff 90 66 66 66 66 66 2e 0f
0x00007ff45a1b9989:   1f 84 00 00 00 00 00 55 48 89 e5 41 54 53 48 83 

Register to memory mapping:

RAX=0x000000000000000c is an unknown value
RBX=0x00007ff45408e770 is a global jni handle
RCX=0x0000000000000000 is an unknown value
RDX=0x0000000000000000 is an unknown value
RSP=0x00007ff4501938e0 is pointing into the stack for thread: 0x00007ff454097000
RBP=0x00007ff4501938f0 is pointing into the stack for thread: 0x00007ff454097000
RSI=0x000000000000000c is an unknown value
RDI=
[error occurred during error reporting (printing register info), id 0xb]

Stack: [0x00007ff450094000,0x00007ff450195000],  sp=0x00007ff4501938e0,  free space=1022k
Native frames: (J=compiled Java code, j=interpreted, Vv=VM code, C=native code)
V  [libjvm.so+0x5fb979]  java_lang_String::utf8_length(oopDesc*)+0xd9
V  [libjvm.so+0x64e00b]  jni_GetStringUTFChars+0xab
C  [libjdwp.so+0x9322]  value+0x92
C  [libjdwp.so+0x118e6]  debugLoop_run+0x2b6
C  [libjdwp.so+0x2432f]  attachThread+0x2f
V  [libjvm.so+0x6f45a7]  JvmtiAgentThread::call_start_function()+0x97
V  [libjvm.so+0x94d5ff]  JavaThread::thread_main_inner()+0xdf
V  [libjvm.so+0x94d705]  JavaThread::run()+0xf5
V  [libjvm.so+0x815538]  java_start(Thread*)+0x108


---------------  P R O C E S S  ---------------

Java Threads: ( => current thread )
  0x00007ff454169000 JavaThread "Thread-0" [_thread_in_native, id=10355, stack(0x00007ff4433dd000,0x00007ff4434de000)]
  0x00007ff454121000 JavaThread "ReaderThread" [_thread_in_native, id=10353, stack(0x00007ff4434de000,0x00007ff4435df000)]
  0x00007ff4540a1800 JavaThread "Service Thread" daemon [_thread_blocked, id=10351, stack(0x00007ff4438f7000,0x00007ff4439f8000)]
  0x00007ff45409f000 JavaThread "C2 CompilerThread1" daemon [_thread_blocked, id=10350, stack(0x00007ff4439f8000,0x00007ff443af9000)]
  0x00007ff45409d000 JavaThread "C2 CompilerThread0" daemon [_thread_blocked, id=10349, stack(0x00007ff443af9000,0x00007ff443bfa000)]
  0x00007ff434001000 JavaThread "JDWP Command Reader" daemon [_thread_in_native, id=10346, stack(0x00007ff443bfa000,0x00007ff443cfb000)]
  0x00007ff45409a800 JavaThread "JDWP Event Helper Thread" daemon [_thread_blocked, id=10345, stack(0x00007ff443cfb000,0x00007ff443dfc000)]
=>0x00007ff454097000 JavaThread "JDWP Transport Listener: dt_socket" daemon [_thread_in_vm, id=10342, stack(0x00007ff450094000,0x00007ff450195000)]
  0x00007ff454081000 JavaThread "Signal Dispatcher" daemon [_thread_blocked, id=10340, stack(0x00007ff450195000,0x00007ff450296000)]
  0x00007ff454069800 JavaThread "Finalizer" daemon [_thread_blocked, id=10338, stack(0x00007ff450296000,0x00007ff450397000)]
  0x00007ff454065800 JavaThread "Reference Handler" daemon [_thread_blocked, id=10337, stack(0x00007ff450397000,0x00007ff450498000)]
  0x00007ff45400d800 JavaThread "main" [_thread_blocked, id=10330, stack(0x00007ff45b527000,0x00007ff45b628000)]

Other Threads:
  0x00007ff454063000 VMThread [stack: 0x00007ff450498000,0x00007ff450599000] [id=10336]
  0x00007ff4540ac800 WatcherThread [stack: 0x00007ff4437f6000,0x00007ff4438f7000] [id=10352]

VM state:not at safepoint (normal execution)

VM Mutex/Monitor currently owned by a thread: None

Heap
 def new generation   total 23872K, used 5105K [0x00000000ad200000, 0x00000000aebe0000, 0x00000000c70a0000)
  eden space 21248K,  24% used [0x00000000ad200000, 0x00000000ad6fc468, 0x00000000ae6c0000)
  from space 2624K,   0% used [0x00000000ae6c0000, 0x00000000ae6c0000, 0x00000000ae950000)
  to   space 2624K,   0% used [0x00000000ae950000, 0x00000000ae950000, 0x00000000aebe0000)
 tenured generation   total 53120K, used 0K [0x00000000c70a0000, 0x00000000ca480000, 0x00000000fae00000)
   the space 53120K,   0% used [0x00000000c70a0000, 0x00000000c70a0000, 0x00000000c70a0200, 0x00000000ca480000)
 compacting perm gen  total 21248K, used 4084K [0x00000000fae00000, 0x00000000fc2c0000, 0x0000000100000000)
   the space 21248K,  19% used [0x00000000fae00000, 0x00000000fb1fd1a8, 0x00000000fb1fd200, 0x00000000fc2c0000)
No shared spaces configured.

Card table byte_map: [0x00007ff450940000,0x00007ff450bd8000] byte_map_base: 0x00007ff4503d7000

Polling page: 0x00007ff45b63b000

Code Cache  [0x00007ff450bd8000, 0x00007ff450e48000, 0x00007ff453bd8000)
 total_blobs=223 nmethods=14 adapters=172 free_code_cache=48725Kb largest_free_block=49879040

Compilation events (10 events):
Event: 0.388 Thread 0x00007ff45409f000    9             sun.net.www.ParseUtil::encodePath (336 bytes)
Event: 0.401 Thread 0x00007ff45409d000   10             java.lang.String::replace (127 bytes)
Event: 0.426 Thread 0x00007ff45409d000 nmethod 10 0x00007ff450c3d250 code [0x00007ff450c3d3c0, 0x00007ff450c3d8b8]
Event: 0.448 Thread 0x00007ff45409f000 nmethod 9 0x00007ff450c435d0 code [0x00007ff450c43840, 0x00007ff450c44b38]
Event: 0.455 Thread 0x00007ff45409d000   11             java.lang.String::equals (81 bytes)
Event: 0.459 Thread 0x00007ff45409d000 nmethod 11 0x00007ff450c3cc10 code [0x00007ff450c3cd60, 0x00007ff450c3d078]
Event: 0.462 Thread 0x00007ff45409d000   12             java.lang.Object::<init> (1 bytes)
Event: 0.463 Thread 0x00007ff45409d000 nmethod 12 0x00007ff450c3c9d0 code [0x00007ff450c3cb00, 0x00007ff450c3cb78]
Event: 9.975 Thread 0x00007ff45409f000   14             java.util.Properties$LineReader::readLine (452 bytes)
Event: 10.007 Thread 0x00007ff45409f000 nmethod 14 0x00007ff450c45690 code [0x00007ff450c45840, 0x00007ff450c46158]

GC Heap History (0 events):
No events

Deoptimization events (0 events):
No events

Internal exceptions (10 events):
Event: 0.505 Thread 0x00007ff45400d800 Threw 0x00000000ad6167b8 at /HUDSON/workspace/7u-2-build-linux-amd64@2/jdk7u51/527/hotspot/src/share/vm/prims/jvm.cpp:1244
Event: 0.505 Thread 0x00007ff45400d800 Threw 0x00000000ad61a758 at /HUDSON/workspace/7u-2-build-linux-amd64@2/jdk7u51/527/hotspot/src/share/vm/prims/jvm.cpp:1244
Event: 0.506 Thread 0x00007ff45400d800 Threw 0x00000000ad61de10 at /HUDSON/workspace/7u-2-build-linux-amd64@2/jdk7u51/527/hotspot/src/share/vm/prims/jvm.cpp:1244
Event: 0.506 Thread 0x00007ff45400d800 Threw 0x00000000ad621c48 at /HUDSON/workspace/7u-2-build-linux-amd64@2/jdk7u51/527/hotspot/src/share/vm/prims/jvm.cpp:1244
Event: 0.507 Thread 0x00007ff45400d800 Threw 0x00000000ad6249e0 at /HUDSON/workspace/7u-2-build-linux-amd64@2/jdk7u51/527/hotspot/src/share/vm/prims/jvm.cpp:1244
Event: 0.515 Thread 0x00007ff45400d800 Threw 0x00000000ad628de8 at /HUDSON/workspace/7u-2-build-linux-amd64@2/jdk7u51/527/hotspot/src/share/vm/prims/jvm.cpp:1244
Event: 0.516 Thread 0x00007ff45400d800 Threw 0x00000000ad62cb88 at /HUDSON/workspace/7u-2-build-linux-amd64@2/jdk7u51/527/hotspot/src/share/vm/prims/jvm.cpp:1244
Event: 0.516 Thread 0x00007ff45400d800 Threw 0x00000000ad6315f0 at /HUDSON/workspace/7u-2-build-linux-amd64@2/jdk7u51/527/hotspot/src/share/vm/prims/jvm.cpp:1244
Event: 7.141 Thread 0x00007ff45400d800 Threw 0x00000000ad635528 at /HUDSON/workspace/7u-2-build-linux-amd64@2/jdk7u51/527/hotspot/src/share/vm/prims/jvm.cpp:1244
Event: 25.668 Thread 0x00007ff45400d800 Threw 0x00000000ad644fd8 at /HUDSON/workspace/7u-2-build-linux-amd64@2/jdk7u51/527/hotspot/src/share/vm/prims/jvm.cpp:1244

Events (10 events):
Event: 175.330 Executing VM operation: GetCurrentLocation
Event: 175.330 Executing VM operation: GetCurrentLocation done
Event: 175.330 Executing VM operation: ChangeSingleStep
Event: 175.330 Executing VM operation: ChangeSingleStep done
Event: 175.331 Executing VM operation: ChangeSingleStep
Event: 175.331 Executing VM operation: ChangeSingleStep done
Event: 175.366 Executing VM operation: GetOrSetLocal
Event: 175.366 Executing VM operation: GetOrSetLocal done
Event: 175.375 Executing VM operation: GetOrSetLocal
Event: 175.375 Executing VM operation: GetOrSetLocal done


Dynamic libraries:
00400000-00401000 r-xp 00000000 08:01 807021                             /usr/lib/jvm/java-7-oracle/bin/java
00600000-00601000 rw-p 00000000 08:01 807021                             /usr/lib/jvm/java-7-oracle/bin/java
021b4000-02340000 rw-p 00000000 00:00 0                                  [heap]
ad200000-aebe0000 rw-p 00000000 00:00 0 
aebe0000-c70a0000 rw-p 00000000 00:00 0 
c70a0000-ca480000 rw-p 00000000 00:00 0 
ca480000-fae00000 rw-p 00000000 00:00 0 
fae00000-fc2c0000 rw-p 00000000 00:00 0 
fc2c0000-100000000 rw-p 00000000 00:00 0 
7ff42c000000-7ff42c144000 rw-p 00000000 00:00 0 
7ff42c144000-7ff430000000 ---p 00000000 00:00 0 
7ff434000000-7ff434021000 rw-p 00000000 00:00 0 
7ff434021000-7ff438000000 ---p 00000000 00:00 0 
7ff438000000-7ff438021000 rw-p 00000000 00:00 0 
7ff438021000-7ff43c000000 ---p 00000000 00:00 0 
7ff43c000000-7ff43c021000 rw-p 00000000 00:00 0 
7ff43c021000-7ff440000000 ---p 00000000 00:00 0 
7ff443198000-7ff4433dd000 rw-p 00000000 00:00 0 
7ff4433dd000-7ff4433e0000 ---p 00000000 00:00 0 
7ff4433e0000-7ff4434de000 rw-p 00000000 00:00 0                          [stack:10355]
7ff4434de000-7ff4434e1000 ---p 00000000 00:00 0 
7ff4434e1000-7ff4435df000 rw-p 00000000 00:00 0                          [stack:10353]
7ff4435df000-7ff4435f5000 r-xp 00000000 08:01 534013                     /usr/lib/jvm/java-7-oracle/jre/lib/amd64/libnet.so
7ff4435f5000-7ff4437f5000 ---p 00016000 08:01 534013                     /usr/lib/jvm/java-7-oracle/jre/lib/amd64/libnet.so
7ff4437f5000-7ff4437f6000 rw-p 00016000 08:01 534013                     /usr/lib/jvm/java-7-oracle/jre/lib/amd64/libnet.so
7ff4437f6000-7ff4437f7000 ---p 00000000 00:00 0 
7ff4437f7000-7ff4438f7000 rw-p 00000000 00:00 0                          [stack:10352]
7ff4438f7000-7ff4438fa000 ---p 00000000 00:00 0 
7ff4438fa000-7ff4439f8000 rw-p 00000000 00:00 0                          [stack:10351]
7ff4439f8000-7ff4439fb000 ---p 00000000 00:00 0 
7ff4439fb000-7ff443af9000 rw-p 00000000 00:00 0                          [stack:10350]
7ff443af9000-7ff443afc000 ---p 00000000 00:00 0 
7ff443afc000-7ff443bfa000 rw-p 00000000 00:00 0                          [stack:10349]
7ff443bfa000-7ff443bfd000 ---p 00000000 00:00 0 
7ff443bfd000-7ff443cfb000 rw-p 00000000 00:00 0                          [stack:10346]
7ff443cfb000-7ff443cfe000 ---p 00000000 00:00 0 
7ff443cfe000-7ff443dfc000 rw-p 00000000 00:00 0                          [stack:10345]
7ff443dfc000-7ff443e00000 r-xp 00000000 08:01 534045                     /usr/lib/jvm/java-7-oracle/jre/lib/amd64/libdt_socket.so
7ff443e00000-7ff443fff000 ---p 00004000 08:01 534045                     /usr/lib/jvm/java-7-oracle/jre/lib/amd64/libdt_socket.so
7ff443fff000-7ff444000000 rw-p 00003000 08:01 534045                     /usr/lib/jvm/java-7-oracle/jre/lib/amd64/libdt_socket.so
7ff444000000-7ff444021000 rw-p 00000000 00:00 0 
7ff444021000-7ff448000000 ---p 00000000 00:00 0 
7ff448000000-7ff448021000 rw-p 00000000 00:00 0 
7ff448021000-7ff44c000000 ---p 00000000 00:00 0 
7ff44c000000-7ff44c021000 rw-p 00000000 00:00 0 
7ff44c021000-7ff450000000 ---p 00000000 00:00 0 
7ff45001e000-7ff450050000 rw-p 00000000 00:00 0 
7ff450050000-7ff450052000 r--s 00003000 08:01 1471283                    /home/asterkin/.gradle/caches/modules-2/files-2.1/org.powermock/powermock-api-support/1.5.4/aa6db9d7a5cfdcdf77892231c62a477e0a0fb597/powermock-api-support-1.5.4.jar
7ff450052000-7ff450073000 r--s 00162000 08:01 1471282                    /home/asterkin/.gradle/caches/modules-2/files-2.1/org.mockito/mockito-all/1.9.5/79a8984096fc6591c1e3690e07d41be506356fa5/mockito-all-1.9.5.jar
7ff450073000-7ff450075000 r--s 00002000 08:01 1471281                    /home/asterkin/.gradle/caches/modules-2/files-2.1/org.powermock/powermock-module-junit4-common/1.5.4/e683b9aa43e2b625605de8e8d4117f79c97d249f/powermock-module-junit4-common-1.5.4.jar
7ff450075000-7ff450094000 r--s 00150000 08:01 1471274                    /home/asterkin/.gradle/caches/modules-2/files-2.1/org.mockito/mockito-core/1.9.5/c3264abeea62c4d2f367e21484fbb40c7e256393/mockito-core-1.9.5.jar
7ff450094000-7ff450097000 ---p 00000000 00:00 0 
7ff450097000-7ff450195000 rw-p 00000000 00:00 0                          [stack:10342]
7ff450195000-7ff450198000 ---p 00000000 00:00 0 
7ff450198000-7ff450296000 rw-p 00000000 00:00 0                          [stack:10340]
7ff450296000-7ff450299000 ---p 00000000 00:00 0 
7ff450299000-7ff450397000 rw-p 00000000 00:00 0                          [stack:10338]
7ff450397000-7ff45039a000 ---p 00000000 00:00 0 
7ff45039a000-7ff450498000 rw-p 00000000 00:00 0                          [stack:10337]
7ff450498000-7ff450499000 ---p 00000000 00:00 0 
7ff450499000-7ff4505e4000 rw-p 00000000 00:00 0                          [stack:10336]
7ff4505e4000-7ff4507a1000 r--s 039bf000 08:01 534075                     /usr/lib/jvm/java-7-oracle/jre/lib/rt.jar
7ff4507a1000-7ff4507bb000 rw-p 00000000 00:00 0 
7ff4507bb000-7ff450940000 rw-p 00000000 00:00 0 
7ff450940000-7ff45094d000 rw-p 00000000 00:00 0 
7ff45094d000-7ff450a0f000 rw-p 00000000 00:00 0 
7ff450a0f000-7ff450a2a000 rw-p 00000000 00:00 0 
7ff450a2a000-7ff450bae000 rw-p 00000000 00:00 0 
7ff450bae000-7ff450bb9000 rw-p 00000000 00:00 0 
7ff450bb9000-7ff450bd7000 rw-p 00000000 00:00 0 
7ff450bd7000-7ff450bd8000 rw-p 00000000 00:00 0 
7ff450bd8000-7ff450e48000 rwxp 00000000 00:00 0 
7ff450e48000-7ff453bd8000 rw-p 00000000 00:00 0 
7ff453bd8000-7ff453bf2000 r-xp 00000000 08:01 534008                     /usr/lib/jvm/java-7-oracle/jre/lib/amd64/libzip.so
7ff453bf2000-7ff453df2000 ---p 0001a000 08:01 534008                     /usr/lib/jvm/java-7-oracle/jre/lib/amd64/libzip.so
7ff453df2000-7ff453df3000 rw-p 0001a000 08:01 534008                     /usr/lib/jvm/java-7-oracle/jre/lib/amd64/libzip.so
7ff453df3000-7ff453dff000 r-xp 00000000 08:01 1053195                    /lib/x86_64-linux-gnu/libnss_files-2.15.so
7ff453dff000-7ff453ffe000 ---p 0000c000 08:01 1053195                    /lib/x86_64-linux-gnu/libnss_files-2.15.so
7ff453ffe000-7ff453fff000 r--p 0000b000 08:01 1053195                    /lib/x86_64-linux-gnu/libnss_files-2.15.so
7ff453fff000-7ff454000000 rw-p 0000c000 08:01 1053195                    /lib/x86_64-linux-gnu/libnss_files-2.15.so
7ff454000000-7ff454179000 rw-p 00000000 00:00 0 
7ff454179000-7ff458000000 ---p 00000000 00:00 0 
7ff458000000-7ff458003000 r--s 00012000 08:01 1471280                    /home/asterkin/.gradle/caches/modules-2/files-2.1/org.powermock/powermock-core/1.5.4/5192f2a7536599f9a30b911b2df05f6a5dd0a/powermock-core-1.5.4.jar
7ff458003000-7ff45800d000 r--s 000a5000 08:01 1471279                    /home/asterkin/.gradle/caches/modules-2/files-2.1/org.javassist/javassist/3.18.1-GA/d9a09f7732226af26bf99f19e2cffe0ae219db5b/javassist-3.18.1-GA.jar
7ff45800d000-7ff45800f000 r--s 00009000 08:01 1471278                    /home/asterkin/.gradle/caches/modules-2/files-2.1/org.powermock/powermock-reflect/1.5.4/605a798eb65b842a1a4051378e3b9e8dad548b4c/powermock-reflect-1.5.4.jar
7ff45800f000-7ff458011000 r--s 00009000 08:01 1471277                    /home/asterkin/.gradle/caches/modules-2/files-2.1/org.objenesis/objenesis/2.1/87c0ea803b69252868d09308b4618f766f135a96/objenesis-2.1.jar
7ff458011000-7ff458013000 r--s 00009000 08:01 1462846                    /home/asterkin/.gradle/caches/modules-2/files-2.1/org.hamcrest/hamcrest-core/1.3/42a25dc3219429f0e5d060061f71acb49bf010a0/hamcrest-core-1.3.jar
7ff458013000-7ff458017000 r--s 0000e000 08:01 1471276                    /home/asterkin/.gradle/caches/modules-2/files-2.1/org.powermock/powermock-api-mockito/1.5.4/287413e4e1d61128ad1e035519300cb08fed733a/powermock-api-mockito-1.5.4.jar
7ff458017000-7ff45801d000 r--s 00036000 08:01 1462792                    /home/asterkin/.gradle/caches/modules-2/files-2.1/junit/junit/4.11/4e031bb61df09069aeb2bffb4019e7a5034a4ee0/junit-4.11.jar
7ff45801d000-7ff45802f000 r--s 0009c000 08:01 1467847                    /home/asterkin/.gradle/caches/modules-2/files-2.1/com.netflix.rxjava/rxjava-core/0.17.0-RC4/90bbe7f9cde76ced14a242fab7911b058ebc4523/rxjava-core-0.17.0-RC4.jar
7ff45802f000-7ff458036000 r--s 00000000 08:01 655685                     /usr/lib/x86_64-linux-gnu/gconv/gconv-modules.cache
7ff458036000-7ff458112000 rw-p 00000000 00:00 0 
7ff458112000-7ff458131000 rw-p 00000000 00:00 0 
7ff458131000-7ff45813b000 r-xp 00000000 08:01 1053199                    /lib/x86_64-linux-gnu/libnss_nis-2.15.so
7ff45813b000-7ff45833b000 ---p 0000a000 08:01 1053199                    /lib/x86_64-linux-gnu/libnss_nis-2.15.so
7ff45833b000-7ff45833c000 r--p 0000a000 08:01 1053199                    /lib/x86_64-linux-gnu/libnss_nis-2.15.so
7ff45833c000-7ff45833d000 rw-p 0000b000 08:01 1053199                    /lib/x86_64-linux-gnu/libnss_nis-2.15.so
7ff45833d000-7ff458354000 r-xp 00000000 08:01 1053701                    /lib/x86_64-linux-gnu/libnsl-2.15.so
7ff458354000-7ff458553000 ---p 00017000 08:01 1053701                    /lib/x86_64-linux-gnu/libnsl-2.15.so
7ff458553000-7ff458554000 r--p 00016000 08:01 1053701                    /lib/x86_64-linux-gnu/libnsl-2.15.so
7ff458554000-7ff458555000 rw-p 00017000 08:01 1053701                    /lib/x86_64-linux-gnu/libnsl-2.15.so
7ff458555000-7ff458557000 rw-p 00000000 00:00 0 
7ff458557000-7ff45855f000 r-xp 00000000 08:01 1053001                    /lib/x86_64-linux-gnu/libnss_compat-2.15.so
7ff45855f000-7ff45875e000 ---p 00008000 08:01 1053001                    /lib/x86_64-linux-gnu/libnss_compat-2.15.so
7ff45875e000-7ff45875f000 r--p 00007000 08:01 1053001                    /lib/x86_64-linux-gnu/libnss_compat-2.15.so
7ff45875f000-7ff458760000 rw-p 00008000 08:01 1053001                    /lib/x86_64-linux-gnu/libnss_compat-2.15.so
7ff458760000-7ff458e43000 r--p 00000000 08:01 531426                     /usr/lib/locale/locale-archive
7ff458e43000-7ff458e46000 r-xp 00000000 08:01 534069                     /usr/lib/jvm/java-7-oracle/jre/lib/amd64/libnpt.so
7ff458e46000-7ff459045000 ---p 00003000 08:01 534069                     /usr/lib/jvm/java-7-oracle/jre/lib/amd64/libnpt.so
7ff459045000-7ff459046000 rw-p 00002000 08:01 534069                     /usr/lib/jvm/java-7-oracle/jre/lib/amd64/libnpt.so
7ff459046000-7ff45907f000 r-xp 00000000 08:01 534058                     /usr/lib/jvm/java-7-oracle/jre/lib/amd64/libjdwp.so
7ff45907f000-7ff45927f000 ---p 00039000 08:01 534058                     /usr/lib/jvm/java-7-oracle/jre/lib/amd64/libjdwp.so
7ff45927f000-7ff459280000 rw-p 00039000 08:01 534058                     /usr/lib/jvm/java-7-oracle/jre/lib/amd64/libjdwp.so
7ff459280000-7ff459281000 rw-p 00000000 00:00 0 
7ff459281000-7ff4592aa000 r-xp 00000000 08:01 534042                     /usr/lib/jvm/java-7-oracle/jre/lib/amd64/libjava.so
7ff4592aa000-7ff4594aa000 ---p 00029000 08:01 534042                     /usr/lib/jvm/java-7-oracle/jre/lib/amd64/libjava.so
7ff4594aa000-7ff4594ac000 rw-p 00029000 08:01 534042                     /usr/lib/jvm/java-7-oracle/jre/lib/amd64/libjava.so
7ff4594ac000-7ff4594b9000 r-xp 00000000 08:01 534012                     /usr/lib/jvm/java-7-oracle/jre/lib/amd64/libverify.so
7ff4594b9000-7ff4596b8000 ---p 0000d000 08:01 534012                     /usr/lib/jvm/java-7-oracle/jre/lib/amd64/libverify.so
7ff4596b8000-7ff4596ba000 rw-p 0000c000 08:01 534012                     /usr/lib/jvm/java-7-oracle/jre/lib/amd64/libverify.so
7ff4596ba000-7ff4596c1000 r-xp 00000000 08:01 1053198                    /lib/x86_64-linux-gnu/librt-2.15.so
7ff4596c1000-7ff4598c0000 ---p 00007000 08:01 1053198                    /lib/x86_64-linux-gnu/librt-2.15.so
7ff4598c0000-7ff4598c1000 r--p 00006000 08:01 1053198                    /lib/x86_64-linux-gnu/librt-2.15.so
7ff4598c1000-7ff4598c2000 rw-p 00007000 08:01 1053198                    /lib/x86_64-linux-gnu/librt-2.15.so
7ff4598c2000-7ff4599bd000 r-xp 00000000 08:01 1053569                    /lib/x86_64-linux-gnu/libm-2.15.so
7ff4599bd000-7ff459bbc000 ---p 000fb000 08:01 1053569                    /lib/x86_64-linux-gnu/libm-2.15.so
7ff459bbc000-7ff459bbd000 r--p 000fa000 08:01 1053569                    /lib/x86_64-linux-gnu/libm-2.15.so
7ff459bbd000-7ff459bbe000 rw-p 000fb000 08:01 1053569                    /lib/x86_64-linux-gnu/libm-2.15.so
7ff459bbe000-7ff45a720000 r-xp 00000000 08:01 534037                     /usr/lib/jvm/java-7-oracle/jre/lib/amd64/server/libjvm.so
7ff45a720000-7ff45a920000 ---p 00b62000 08:01 534037                     /usr/lib/jvm/java-7-oracle/jre/lib/amd64/server/libjvm.so
7ff45a920000-7ff45a9e3000 rw-p 00b62000 08:01 534037                     /usr/lib/jvm/java-7-oracle/jre/lib/amd64/server/libjvm.so
7ff45a9e3000-7ff45aa24000 rw-p 00000000 00:00 0 
7ff45aa24000-7ff45abd9000 r-xp 00000000 08:01 1052970                    /lib/x86_64-linux-gnu/libc-2.15.so
7ff45abd9000-7ff45add9000 ---p 001b5000 08:01 1052970                    /lib/x86_64-linux-gnu/libc-2.15.so
7ff45add9000-7ff45addd000 r--p 001b5000 08:01 1052970                    /lib/x86_64-linux-gnu/libc-2.15.so
7ff45addd000-7ff45addf000 rw-p 001b9000 08:01 1052970                    /lib/x86_64-linux-gnu/libc-2.15.so
7ff45addf000-7ff45ade4000 rw-p 00000000 00:00 0 
7ff45ade4000-7ff45ade6000 r-xp 00000000 08:01 1053693                    /lib/x86_64-linux-gnu/libdl-2.15.so
7ff45ade6000-7ff45afe6000 ---p 00002000 08:01 1053693                    /lib/x86_64-linux-gnu/libdl-2.15.so
7ff45afe6000-7ff45afe7000 r--p 00002000 08:01 1053693                    /lib/x86_64-linux-gnu/libdl-2.15.so
7ff45afe7000-7ff45afe8000 rw-p 00003000 08:01 1053693                    /lib/x86_64-linux-gnu/libdl-2.15.so
7ff45afe8000-7ff45affe000 r-xp 00000000 08:01 530698                     /usr/lib/jvm/java-7-oracle/lib/amd64/jli/libjli.so
7ff45affe000-7ff45b1fe000 ---p 00016000 08:01 530698                     /usr/lib/jvm/java-7-oracle/lib/amd64/jli/libjli.so
7ff45b1fe000-7ff45b1ff000 rw-p 00016000 08:01 530698                     /usr/lib/jvm/java-7-oracle/lib/amd64/jli/libjli.so
7ff45b1ff000-7ff45b217000 r-xp 00000000 08:01 1053200                    /lib/x86_64-linux-gnu/libpthread-2.15.so
7ff45b217000-7ff45b416000 ---p 00018000 08:01 1053200                    /lib/x86_64-linux-gnu/libpthread-2.15.so
7ff45b416000-7ff45b417000 r--p 00017000 08:01 1053200                    /lib/x86_64-linux-gnu/libpthread-2.15.so
7ff45b417000-7ff45b418000 rw-p 00018000 08:01 1053200                    /lib/x86_64-linux-gnu/libpthread-2.15.so
7ff45b418000-7ff45b41c000 rw-p 00000000 00:00 0 
7ff45b41c000-7ff45b43e000 r-xp 00000000 08:01 1053570                    /lib/x86_64-linux-gnu/ld-2.15.so
7ff45b43e000-7ff45b471000 rw-p 00000000 00:00 0 
7ff45b471000-7ff45b527000 rw-p 00000000 00:00 0 
7ff45b527000-7ff45b52a000 ---p 00000000 00:00 0 
7ff45b52a000-7ff45b62c000 rw-p 00000000 00:00 0                          [stack:10330]
7ff45b62c000-7ff45b62d000 r--s 00005000 08:01 1471275                    /home/asterkin/.gradle/caches/modules-2/files-2.1/org.powermock/powermock-module-junit4/1.5.4/27b13b7545d09bb4c25dfe6cc80fb0dfcae5df17/powermock-module-junit4-1.5.4.jar
7ff45b62d000-7ff45b632000 r--s 0002a000 08:01 1467848                    /home/asterkin/.gradle/caches/modules-2/files-2.1/com.google.code.gson/gson/2.2.4/a60a5e993c98c864010053cb901b7eab25306568/gson-2.2.4.jar
7ff45b632000-7ff45b63a000 rw-s 00000000 08:01 1471285                    /tmp/hsperfdata_asterkin/10327
7ff45b63a000-7ff45b63b000 rw-p 00000000 00:00 0 
7ff45b63b000-7ff45b63c000 r--p 00000000 00:00 0 
7ff45b63c000-7ff45b63e000 rw-p 00000000 00:00 0 
7ff45b63e000-7ff45b63f000 r--p 00022000 08:01 1053570                    /lib/x86_64-linux-gnu/ld-2.15.so
7ff45b63f000-7ff45b641000 rw-p 00023000 08:01 1053570                    /lib/x86_64-linux-gnu/ld-2.15.so
7fff9513f000-7fff95161000 rw-p 00000000 00:00 0                          [stack]
7fff951f4000-7fff951f6000 r-xp 00000000 00:00 0                          [vdso]
ffffffffff600000-ffffffffff601000 r-xp 00000000 00:00 0                  [vsyscall]

VM Arguments:
jvm_args: -agentlib:jdwp=transport=dt_socket,suspend=y,address=localhost:39955 -Dfile.encoding=UTF-8 
java_command: org.eclipse.jdt.internal.junit.runner.RemoteTestRunner -version 3 -port 38328 -testLoaderClass org.eclipse.jdt.internal.junit4.runner.JUnit4TestLoader -loaderpluginname org.eclipse.jdt.junit4.runtime -testNameFile /tmp/testNames8441282688676570539.txt
Launcher Type: SUN_STANDARD

Environment Variables:
PATH=/usr/lib/lightdm/lightdm:/usr/local/sbin:/usr/local/bin:/usr/sbin:/usr/bin:/sbin:/bin:/usr/games
SHELL=/bin/bash
DISPLAY=:0

Signal Handlers:
SIGSEGV: [libjvm.so+0x993870], sa_mask[0]=0x7ffbfeff, sa_flags=0x10000004
SIGBUS: [libjvm.so+0x993870], sa_mask[0]=0x7ffbfeff, sa_flags=0x10000004
SIGFPE: [libjvm.so+0x8105b0], sa_mask[0]=0x7ffbfeff, sa_flags=0x10000004
SIGPIPE: [libjvm.so+0x8105b0], sa_mask[0]=0x7ffbfeff, sa_flags=0x10000004
SIGXFSZ: [libjvm.so+0x8105b0], sa_mask[0]=0x7ffbfeff, sa_flags=0x10000004
SIGILL: [libjvm.so+0x8105b0], sa_mask[0]=0x7ffbfeff, sa_flags=0x10000004
SIGUSR1: SIG_DFL, sa_mask[0]=0x00000000, sa_flags=0x00000000
SIGUSR2: [libjvm.so+0x811aa0], sa_mask[0]=0x00000004, sa_flags=0x10000004
SIGHUP: [libjvm.so+0x812a10], sa_mask[0]=0x7ffbfeff, sa_flags=0x10000004
SIGINT: [libjvm.so+0x812a10], sa_mask[0]=0x7ffbfeff, sa_flags=0x10000004
SIGTERM: [libjvm.so+0x812a10], sa_mask[0]=0x7ffbfeff, sa_flags=0x10000004
SIGQUIT: [libjvm.so+0x812a10], sa_mask[0]=0x7ffbfeff, sa_flags=0x10000004


---------------  S Y S T E M  ---------------

OS:wheezy/sid

uname:Linux 3.8.0-36-generic #52~precise1-Ubuntu SMP Mon Feb 3 21:54:46 UTC 2014 x86_64
libc:glibc 2.15 NPTL 2.15 
rlimit: STACK 8192k, CORE 0k, NPROC 39646, NOFILE 4096, AS infinity
load average:0.02 0.04 0.06

/proc/meminfo:
MemTotal:        5093708 kB
MemFree:         2851312 kB
Buffers:          128160 kB
Cached:           783992 kB
SwapCached:            0 kB
Active:          1559064 kB
Inactive:         522316 kB
Active(anon):    1169864 kB
Inactive(anon):     9140 kB
Active(file):     389200 kB
Inactive(file):   513176 kB
Unevictable:          16 kB
Mlocked:              16 kB
SwapTotal:       5254140 kB
SwapFree:        5254140 kB
Dirty:               164 kB
Writeback:             0 kB
AnonPages:       1169340 kB
Mapped:           151200 kB
Shmem:              9780 kB
Slab:              76132 kB
SReclaimable:      57888 kB
SUnreclaim:        18244 kB
KernelStack:        3456 kB
PageTables:        25924 kB
NFS_Unstable:          0 kB
Bounce:                0 kB
WritebackTmp:          0 kB
CommitLimit:     7800992 kB
Committed_AS:    3314508 kB
VmallocTotal:   34359738367 kB
VmallocUsed:       62988 kB
VmallocChunk:   34359674171 kB
HardwareCorrupted:     0 kB
AnonHugePages:         0 kB
HugePages_Total:       0
HugePages_Free:        0
HugePages_Rsvd:        0
HugePages_Surp:        0
Hugepagesize:       2048 kB
DirectMap4k:       49088 kB
DirectMap2M:     5208064 kB


CPU:total 1 (1 cores per cpu, 1 threads per core) family 6 model 42 stepping 7, cmov, cx8, fxsr, mmx, sse, sse2, sse3, ssse3, tsc

/proc/cpuinfo:
processor	: 0
vendor_id	: GenuineIntel
cpu family	: 6
model		: 42
model name	: Intel(R) Core(TM) i5-2520M CPU @ 2.50GHz
stepping	: 7
cpu MHz		: 2467.274
cache size	: 6144 KB
fpu		: yes
fpu_exception	: yes
cpuid level	: 5
wp		: yes
flags		: fpu vme de pse tsc msr pae mce cx8 apic sep mtrr pge mca cmov pat pse36 clflush mmx fxsr sse sse2 syscall nx rdtscp lm constant_tsc rep_good nopl pni monitor ssse3 lahf_lm
bogomips	: 4934.54
clflush size	: 64
cache_alignment	: 64
address sizes	: 36 bits physical, 48 bits virtual
power management:



Memory: 4k page, physical 5093708k(2851312k free), swap 5254140k(5254140k free)

vm_info: Java HotSpot(TM) 64-Bit Server VM (24.51-b03) for linux-amd64 JRE (1.7.0_51-b13), built on Dec 18 2013 18:48:01 by "java_re" with gcc 4.3.0 20080428 (Red Hat 4.3.0-8)

time: Tue Feb 25 13:33:11 2014
elapsed time: 176 seconds

